<?xml version="1.0" encoding="UTF-8" ?>
<testsuite failures="0" time="1.822" errors="0" skipped="0" tests="3" name="com.avenues.sample.services.TestSampleService">
  <properties>
    <property name="java.runtime.name" value="Java(TM) SE Runtime Environment"/>
    <property name="sun.boot.library.path" value="/home/brijesh.bhatt/MyEclipse Professional 2014/binary/com.sun.java.jdk7.linux.x86_1.7.0.u45/jre/lib/i386"/>
    <property name="java.vm.version" value="24.45-b08"/>
    <property name="java.vm.vendor" value="Oracle Corporation"/>
    <property name="java.vendor.url" value="http://java.oracle.com/"/>
    <property name="path.separator" value=":"/>
    <property name="guice.disable.misplaced.annotation.check" value="true"/>
    <property name="java.vm.name" value="Java HotSpot(TM) Server VM"/>
    <property name="file.encoding.pkg" value="sun.io"/>
    <property name="user.country" value="IN"/>
    <property name="sun.java.launcher" value="SUN_STANDARD"/>
    <property name="sun.os.patch.level" value="unknown"/>
    <property name="java.vm.specification.name" value="Java Virtual Machine Specification"/>
    <property name="user.dir" value="/home/brijesh.bhatt/Documents/New_Abhijeet/Sample/Sample"/>
    <property name="java.runtime.version" value="1.7.0_45-b18"/>
    <property name="java.awt.graphicsenv" value="sun.awt.X11GraphicsEnvironment"/>
    <property name="java.endorsed.dirs" value="/home/brijesh.bhatt/MyEclipse Professional 2014/binary/com.sun.java.jdk7.linux.x86_1.7.0.u45/jre/lib/endorsed"/>
    <property name="os.arch" value="i386"/>
    <property name="java.io.tmpdir" value="/tmp"/>
    <property name="line.separator" value="
"/>
    <property name="java.vm.specification.vendor" value="Oracle Corporation"/>
    <property name="os.name" value="Linux"/>
    <property name="classworlds.conf" value="/home/brijesh.bhatt/Workspaces/SVNWorkspace/.metadata/.plugins/org.eclipse.m2e.core/launches/m2conf4275798663762609059.tmp"/>
    <property name="sun.jnu.encoding" value="UTF-8"/>
    <property name="java.library.path" value="/usr/java/packages/lib/i386:/lib:/usr/lib"/>
    <property name="java.specification.name" value="Java Platform API Specification"/>
    <property name="java.class.version" value="51.0"/>
    <property name="sun.management.compiler" value="HotSpot Tiered Compilers"/>
    <property name="os.version" value="3.5.0-23-generic"/>
    <property name="user.home" value="/home/brijesh.bhatt"/>
    <property name="user.timezone" value="Asia/Kolkata"/>
    <property name="java.awt.printerjob" value="sun.print.PSPrinterJob"/>
    <property name="file.encoding" value="UTF-8"/>
    <property name="java.specification.version" value="1.7"/>
    <property name="user.name" value="brijesh.bhatt"/>
    <property name="java.class.path" value="/home/brijesh.bhatt/MyEclipse Professional 2014/configuration/org.eclipse.osgi/bundles/1337/1/.cp/jars/plexus-classworlds-2.4.jar"/>
    <property name="java.vm.specification.version" value="1.7"/>
    <property name="sun.arch.data.model" value="32"/>
    <property name="java.home" value="/home/brijesh.bhatt/MyEclipse Professional 2014/binary/com.sun.java.jdk7.linux.x86_1.7.0.u45/jre"/>
    <property name="sun.java.command" value="org.codehaus.plexus.classworlds.launcher.Launcher -B install"/>
    <property name="java.specification.vendor" value="Oracle Corporation"/>
    <property name="user.language" value="en"/>
    <property name="awt.toolkit" value="sun.awt.X11.XToolkit"/>
    <property name="java.vm.info" value="mixed mode"/>
    <property name="java.version" value="1.7.0_45"/>
    <property name="java.ext.dirs" value="/home/brijesh.bhatt/MyEclipse Professional 2014/binary/com.sun.java.jdk7.linux.x86_1.7.0.u45/jre/lib/ext:/usr/java/packages/lib/ext"/>
    <property name="securerandom.source" value="file:/dev/./urandom"/>
    <property name="sun.boot.class.path" value="/home/brijesh.bhatt/MyEclipse Professional 2014/binary/com.sun.java.jdk7.linux.x86_1.7.0.u45/jre/lib/resources.jar:/home/brijesh.bhatt/MyEclipse Professional 2014/binary/com.sun.java.jdk7.linux.x86_1.7.0.u45/jre/lib/rt.jar:/home/brijesh.bhatt/MyEclipse Professional 2014/binary/com.sun.java.jdk7.linux.x86_1.7.0.u45/jre/lib/sunrsasign.jar:/home/brijesh.bhatt/MyEclipse Professional 2014/binary/com.sun.java.jdk7.linux.x86_1.7.0.u45/jre/lib/jsse.jar:/home/brijesh.bhatt/MyEclipse Professional 2014/binary/com.sun.java.jdk7.linux.x86_1.7.0.u45/jre/lib/jce.jar:/home/brijesh.bhatt/MyEclipse Professional 2014/binary/com.sun.java.jdk7.linux.x86_1.7.0.u45/jre/lib/charsets.jar:/home/brijesh.bhatt/MyEclipse Professional 2014/binary/com.sun.java.jdk7.linux.x86_1.7.0.u45/jre/lib/jfr.jar:/home/brijesh.bhatt/MyEclipse Professional 2014/binary/com.sun.java.jdk7.linux.x86_1.7.0.u45/jre/classes"/>
    <property name="java.vendor" value="Oracle Corporation"/>
    <property name="maven.home" value="/home/brijesh.bhatt/Documents/New_Abhijeet/Sample/Sample/EMBEDDED"/>
    <property name="file.separator" value="/"/>
    <property name="java.vendor.url.bug" value="http://bugreport.sun.com/bugreport/"/>
    <property name="sun.cpu.endian" value="little"/>
    <property name="sun.io.unicode.encoding" value="UnicodeLittle"/>
    <property name="sun.desktop" value="gnome"/>
    <property name="sun.cpu.isalist" value=""/>
  </properties>
  <testcase time="1.428" classname="com.avenues.sample.services.TestSampleService" name="test1"/>
  <testcase time="0.272" classname="com.avenues.sample.services.TestSampleService" name="test2"/>
  <testcase time="0.119" classname="com.avenues.sample.services.TestSampleService" name="test3"/>
</testsuite>